20130102 10:57:42 17:11:01 06:14 21614 02/01/13 Wed
20130103 10:10:44 17:10:21 06:59 25140 03/01/13 Thu
20130107 10:02:13 18:23:15 08:21 30060 07/01/13 Mon
20130108 09:53:54 18:27:56 08:34 30840 08/01/13 Tue
20130109 10:27:00 18:36:35 08:09 29340 09/01/13 Wed
20130110 10:46:15 18:12:19 07:26 26760 10/01/13 Thu
20130111 09:42:51 18:14:06 08:31 30660 11/01/13 Fri
20130114 09:52:34 17:55:45 08:03 28980 14/01/13 Mon
20130115 09:36:45 18:48:18 09:12 33120 15/01/13 Tue
20130116 09:45:22 18:36:58 08:51 31860 16/01/13 Wed
20130117 10:05:03 19:30:11 09:25 33900 17/01/13 Thu
20130118 09:43:10 18:14:41 08:31 30660 18/01/13 Fri
20130121 09:47:10 18:50:57 09:03 32580 21/01/13 Mon
20130122 10:05:21 18:42:56 08:37 31020 22/01/13 Tue
20130123 09:11:03 19:15:39 10:04 36240 23/01/13 Wed
20130124 09:42:34 19:00:15 09:17 33420 24/01/13 Thu
20130125 09:42:55 19:38:04 09:55 35700 25/01/13 Fri
20130128 09:45:29 18:52:26 09:06 32760 28/01/13 Mon
20130129 08:59:24 19:02:58 10:03 36180 29/01/13 Tue
20130130 09:10:34 18:12:58 09:02 32520 30/01/13 Wed
